Using pre-set license
Built from '2022.3/staging' branch; Version is '2022.3.21f1 (bf09ca542b87) revision 12519882'; Using compiler version '192829333'; Build Type 'Release'
OS: 'Windows 11  (10.0.22631) 64bit Core' Language: 'en' Physical Memory: 32038 MB
BatchMode: 1, IsHumanControllingUs: 0, StartBugReporterOnCrash: 0, Is64bit: 1, IsPro: 1

COMMAND LINE ARGUMENTS:
C:\Program Files\Unity\Hub\Editor\2022.3.21f1\Editor\Unity.exe
-adb2
-batchMode
-noUpm
-name
AssetImportWorker0
-projectPath
C:/Users/emmaa/OneDrive/Desktop/Just-Survive
-logFile
Logs/AssetImportWorker0.log
-srvPort
60229
Successfully changed project path to: C:/Users/emmaa/OneDrive/Desktop/Just-Survive
C:/Users/emmaa/OneDrive/Desktop/Just-Survive
[UnityMemory] Configuration Parameters - Can be set up in boot.config
    "memorysetup-bucket-allocator-granularity=16"
    "memorysetup-bucket-allocator-bucket-count=8"
    "memorysetup-bucket-allocator-block-size=33554432"
    "memorysetup-bucket-allocator-block-count=8"
    "memorysetup-main-allocator-block-size=16777216"
    "memorysetup-thread-allocator-block-size=16777216"
    "memorysetup-gfx-main-allocator-block-size=16777216"
    "memorysetup-gfx-thread-allocator-block-size=16777216"
    "memorysetup-cache-allocator-block-size=4194304"
    "memorysetup-typetree-allocator-block-size=2097152"
    "memorysetup-profiler-bucket-allocator-granularity=16"
    "memorysetup-profiler-bucket-allocator-bucket-count=8"
    "memorysetup-profiler-bucket-allocator-block-size=33554432"
    "memorysetup-profiler-bucket-allocator-block-count=8"
    "memorysetup-profiler-allocator-block-size=16777216"
    "memorysetup-profiler-editor-allocator-block-size=1048576"
    "memorysetup-temp-allocator-size-main=16777216"
    "memorysetup-job-temp-allocator-block-size=2097152"
    "memorysetup-job-temp-allocator-block-size-background=1048576"
    "memorysetup-job-temp-allocator-reduction-small-platforms=262144"
    "memorysetup-allocator-temp-initial-block-size-main=262144"
    "memorysetup-allocator-temp-initial-block-size-worker=262144"
    "memorysetup-temp-allocator-size-background-worker=32768"
    "memorysetup-temp-allocator-size-job-worker=262144"
    "memorysetup-temp-allocator-size-preload-manager=33554432"
    "memorysetup-temp-allocator-size-nav-mesh-worker=65536"
    "memorysetup-temp-allocator-size-audio-worker=65536"
    "memorysetup-temp-allocator-size-cloud-worker=32768"
    "memorysetup-temp-allocator-size-gi-baking-worker=262144"
    "memorysetup-temp-allocator-size-gfx=262144"
Player connection [156164] Host "[IP] 10.148.5.53 [Port] 0 [Flags] 2 [Guid] 2277947265 [EditorId] 2277947265 [Version] 1048832 [Id] WindowsEditor(7,emrua) [Debug] 1 [PackageName] WindowsEditor [ProjectName] Editor" joined multi-casting on [225.0.0.222:54997]...

Player connection [156164] Host "[IP] 10.148.5.53 [Port] 0 [Flags] 2 [Guid] 2277947265 [EditorId] 2277947265 [Version] 1048832 [Id] WindowsEditor(7,emrua) [Debug] 1 [PackageName] WindowsEditor [ProjectName] Editor" joined alternative multi-casting on [225.0.0.222:34997]...

[Physics::Module] Initialized MultithreadedJobDispatcher with 15 workers.
Refreshing native plugins compatible for Editor in 7.30 ms, found 3 plugins.
Preloading 0 native plugins for Editor in 0.00 ms.
Initialize engine version: 2022.3.21f1 (bf09ca542b87)
[Subsystems] Discovering subsystems at path C:/Program Files/Unity/Hub/Editor/2022.3.21f1/Editor/Data/Resources/UnitySubsystems
[Subsystems] Discovering subsystems at path C:/Users/emmaa/OneDrive/Desktop/Just-Survive/Assets
GfxDevice: creating device client; threaded=0; jobified=0
Direct3D:
    Version:  Direct3D 11.0 [level 11.1]
    Renderer: NVIDIA GeForce RTX 4060 Laptop GPU (ID=0x28a0)
    Vendor:   NVIDIA
    VRAM:     7957 MB
    Driver:   32.0.15.5594
Initialize mono
Mono path[0] = 'C:/Program Files/Unity/Hub/Editor/2022.3.21f1/Editor/Data/Managed'
Mono path[1] = 'C:/Program Files/Unity/Hub/Editor/2022.3.21f1/Editor/Data/MonoBleedingEdge/lib/mono/unityjit-win32'
Mono config path = 'C:/Program Files/Unity/Hub/Editor/2022.3.21f1/Editor/Data/MonoBleedingEdge/etc'
Using monoOptions --debugger-agent=transport=dt_socket,embedding=1,server=y,suspend=n,address=127.0.0.1:56748
Begin MonoManager ReloadAssembly
Registering precompiled unity dll's ...
Register platform support module: C:/Program Files/Unity/Hub/Editor/2022.3.21f1/Editor/Data/PlaybackEngines/WindowsStandaloneSupport/UnityEditor.WindowsStandalone.Extensions.dll
Registered in 0.005650 seconds.
- Loaded All Assemblies, in  0.390 seconds
Native extension for WindowsStandalone target not found
Mono: successfully reloaded assembly
- Finished resetting the current domain, in  0.201 seconds
Domain Reload Profiling: 589ms
	BeginReloadAssembly (153ms)
		ExecutionOrderSort (0ms)
		DisableScriptedObjects (0ms)
		BackupInstance (0ms)
		ReleaseScriptingObjects (0ms)
		CreateAndSetChildDomain (0ms)
	RebuildCommonClasses (33ms)
	RebuildNativeTypeToScriptingClass (9ms)
	initialDomainReloadingComplete (44ms)
	LoadAllAssembliesAndSetupDomain (150ms)
		LoadAssemblies (152ms)
		RebuildTransferFunctionScriptingTraits (0ms)
		AnalyzeDomain (148ms)
			TypeCache.Refresh (146ms)
				TypeCache.ScanAssembly (131ms)
			ScanForSourceGeneratedMonoScriptInfo (0ms)
			ResolveRequiredComponents (1ms)
	FinalizeReload (201ms)
		ReleaseScriptCaches (0ms)
		RebuildScriptCaches (0ms)
		SetupLoadedEditorAssemblies (159ms)
			LogAssemblyErrors (0ms)
			InitializePlatformSupportModulesInManaged (7ms)
			SetLoadedEditorAssemblies (5ms)
			RefreshPlugins (0ms)
			BeforeProcessingInitializeOnLoad (1ms)
			ProcessInitializeOnLoadAttributes (105ms)
			ProcessInitializeOnLoadMethodAttributes (40ms)
			AfterProcessingInitializeOnLoad (0ms)
			EditorAssembliesLoaded (0ms)
		ExecutionOrderSort2 (0ms)
		AwakeInstancesAfterBackupRestoration (0ms)
========================================================================
Worker process is ready to serve import requests
Begin MonoManager ReloadAssembly
- Loaded All Assemblies, in  0.619 seconds
Refreshing native plugins compatible for Editor in 3.24 ms, found 3 plugins.
Native extension for WindowsStandalone target not found
Package Manager log level set to [2]
[Package Manager] Server::EnsureServerProcessIsRunning -- launch failed, reason: Unity was launched with the -noUpm command-line argument
[Package Manager] UpmClient::Send -- Unable to send message (not connected to UPM process).
[Package Manager] Cannot connect to Unity Package Manager local server
Mono: successfully reloaded assembly
- Finished resetting the current domain, in  0.519 seconds
Domain Reload Profiling: 1137ms
	BeginReloadAssembly (125ms)
		ExecutionOrderSort (0ms)
		DisableScriptedObjects (4ms)
		BackupInstance (0ms)
		ReleaseScriptingObjects (0ms)
		CreateAndSetChildDomain (18ms)
	RebuildCommonClasses (22ms)
	RebuildNativeTypeToScriptingClass (7ms)
	initialDomainReloadingComplete (30ms)
	LoadAllAssembliesAndSetupDomain (432ms)
		LoadAssemblies (319ms)
		RebuildTransferFunctionScriptingTraits (0ms)
		AnalyzeDomain (185ms)
			TypeCache.Refresh (165ms)
				TypeCache.ScanAssembly (148ms)
			ScanForSourceGeneratedMonoScriptInfo (17ms)
			ResolveRequiredComponents (3ms)
	FinalizeReload (520ms)
		ReleaseScriptCaches (0ms)
		RebuildScriptCaches (0ms)
		SetupLoadedEditorAssemblies (418ms)
			LogAssemblyErrors (0ms)
			InitializePlatformSupportModulesInManaged (4ms)
			SetLoadedEditorAssemblies (3ms)
			RefreshPlugins (0ms)
			BeforeProcessingInitializeOnLoad (39ms)
			ProcessInitializeOnLoadAttributes (353ms)
			ProcessInitializeOnLoadMethodAttributes (15ms)
			AfterProcessingInitializeOnLoad (4ms)
			EditorAssembliesLoaded (0ms)
		ExecutionOrderSort2 (0ms)
		AwakeInstancesAfterBackupRestoration (4ms)
Launched and connected shader compiler UnityShaderCompiler.exe after 0.06 seconds
Refreshing native plugins compatible for Editor in 2.48 ms, found 3 plugins.
Preloading 0 native plugins for Editor in 0.00 ms.
Unloading 3092 Unused Serialized files (Serialized files now loaded: 0)
Unloading 32 unused Assets / (57.0 KB). Loaded Objects now: 3567.
Memory consumption went from 130.8 MB to 130.7 MB.
Total: 3.542700 ms (FindLiveObjects: 0.220700 ms CreateObjectMapping: 0.062900 ms MarkObjects: 3.172300 ms  DeleteObjects: 0.085600 ms)

AssetImportParameters requested are different than current active one (requested -> active):
  custom:container-demuxer-ogg: 62fdf1f143b41e24485cea50d1cbac27 -> 
  custom:video-decoder-ogg-theora: a1e56fd34408186e4bbccfd4996cb3dc -> 
  custom:framework-win-MediaFoundation: 216162199b28c13a410421893ffa2e32 -> 
  custom:CustomObjectIndexerAttribute: 9a22284fe3817be447336de3de66b15e -> 
  custom:container-demuxer-webm: 4f35f7cbe854078d1ac9338744f61a02 -> 
  custom:container-muxer-webm: aa71ff27fc2769a1b78a27578f13a17b -> 
  custom:video-decoder-webm-vp8: 9c59270c3fd7afecdb556c50c9e8de78 -> 
  custom:SearchIndexIgnoredProperties: e643bd26f0fe6173181afceb89e7c659 -> 
  custom:AudioImporter_EditorPlatform: d09bf68614088b80899f8185d706f6e7 -> 
  custom:video-encoder-webm-vp8: eb34c28f22e8b96e1ab97ce403110664 -> 
  custom:audio-decoder-ogg-vorbis: bf7c407c2cedff20999df2af8eb42d56 -> 
  custom:audio-encoder-webm-vorbis: bf7c407c2cedff20999df2af8eb42d56 -> 
========================================================================
Received Import Request.
  Time since last request: 1048340.901413 seconds.
  path: Assets/Tree Pack 3D
  artifactKey: Guid(14e4a96345f27c648ac77316556e7f93) Importer(815301076,1909f56bfc062723c751e8b465ee728b)
Start importing Assets/Tree Pack 3D using Guid(14e4a96345f27c648ac77316556e7f93) Importer(815301076,1909f56bfc062723c751e8b465ee728b)  -> (artifact id: 'f4a0cb7596935c5887ed274897b787e4') in 0.002679 seconds
Number of updated asset objects reloaded before import = 0
Number of asset objects unloaded after import = 0
========================================================================
Received Import Request.
  Time since last request: 53.590980 seconds.
  path: Assets/Tree Pack 3D/1
  artifactKey: Guid(a3f5e34c75b25ed479846d7cfb66685b) Importer(815301076,1909f56bfc062723c751e8b465ee728b)
Start importing Assets/Tree Pack 3D/1 using Guid(a3f5e34c75b25ed479846d7cfb66685b) Importer(815301076,1909f56bfc062723c751e8b465ee728b)  -> (artifact id: '709f683084b9aa77eab5246ff1c32222') in 0.000520 seconds
Number of updated asset objects reloaded before import = 0
Number of asset objects unloaded after import = 0
========================================================================
Received Import Request.
  Time since last request: 0.091728 seconds.
  path: Assets/Tree Pack 3D/1/Tree 1.obj
  artifactKey: Guid(9092c952946d86944a69fe7555daf98f) Importer(815301076,1909f56bfc062723c751e8b465ee728b)
Start importing Assets/Tree Pack 3D/1/Tree 1.obj using Guid(9092c952946d86944a69fe7555daf98f) Importer(815301076,1909f56bfc062723c751e8b465ee728b)  -> (artifact id: 'f588e899df5ca6e0d95124b8be8c5a34') in 0.330802 seconds
Number of updated asset objects reloaded before import = 0
Number of asset objects unloaded after import = 10
========================================================================
Received Import Request.
  Time since last request: 3.507447 seconds.
  path: Assets/Tree Pack 3D/1/Tree 1.mtl
  artifactKey: Guid(7d7716c5c84782a438ffbee3e5438c6c) Importer(815301076,1909f56bfc062723c751e8b465ee728b)
Start importing Assets/Tree Pack 3D/1/Tree 1.mtl using Guid(7d7716c5c84782a438ffbee3e5438c6c) Importer(815301076,1909f56bfc062723c751e8b465ee728b)  -> (artifact id: '4c623aa5f0281e90b337c40717f8e18f') in 0.001030 seconds
Number of updated asset objects reloaded before import = 0
Number of asset objects unloaded after import = 1
========================================================================
Received Import Request.
  Time since last request: 9.489603 seconds.
  path: Assets/Tree Pack 3D/2/Tree2.obj
  artifactKey: Guid(c8f8c01174ae38842a392a163cb63c3e) Importer(815301076,1909f56bfc062723c751e8b465ee728b)
Start importing Assets/Tree Pack 3D/2/Tree2.obj using Guid(c8f8c01174ae38842a392a163cb63c3e) Importer(815301076,1909f56bfc062723c751e8b465ee728b)  -> (artifact id: 'ba7f2f35bc2e4bb2e54c304ec893a788') in 0.042622 seconds
Number of updated asset objects reloaded before import = 0
Number of asset objects unloaded after import = 11
========================================================================
Received Import Request.
  Time since last request: 2.585156 seconds.
  path: Assets/Tree Pack 3D/3/Tree 3.obj
  artifactKey: Guid(eabc955ab7e3fb149bbcd239ebbd18c8) Importer(815301076,1909f56bfc062723c751e8b465ee728b)
Start importing Assets/Tree Pack 3D/3/Tree 3.obj using Guid(eabc955ab7e3fb149bbcd239ebbd18c8) Importer(815301076,1909f56bfc062723c751e8b465ee728b)  -> (artifact id: 'e0c2b0917e0e6e36c04afb18cd07b706') in 0.025117 seconds
Number of updated asset objects reloaded before import = 0
Number of asset objects unloaded after import = 10
========================================================================
Received Import Request.
  Time since last request: 2.148710 seconds.
  path: Assets/Tree Pack 3D/4/Tree 4.obj
  artifactKey: Guid(55fccae8f095bc445992518e7bf50e89) Importer(815301076,1909f56bfc062723c751e8b465ee728b)
Start importing Assets/Tree Pack 3D/4/Tree 4.obj using Guid(55fccae8f095bc445992518e7bf50e89) Importer(815301076,1909f56bfc062723c751e8b465ee728b)  -> (artifact id: '5e91e88d8285730a620a1bea42e8e287') in 0.035404 seconds
Number of updated asset objects reloaded before import = 0
Number of asset objects unloaded after import = 10
========================================================================
Received Import Request.
  Time since last request: 1.916101 seconds.
  path: Assets/Tree Pack 3D/5/Tree 5.obj
  artifactKey: Guid(7c855c0dd0d4dff4fa4f7f682f9642f4) Importer(815301076,1909f56bfc062723c751e8b465ee728b)
Start importing Assets/Tree Pack 3D/5/Tree 5.obj using Guid(7c855c0dd0d4dff4fa4f7f682f9642f4) Importer(815301076,1909f56bfc062723c751e8b465ee728b)  -> (artifact id: '33bd19ce00a7d57bfd25638e3ad584b2') in 0.039732 seconds
Number of updated asset objects reloaded before import = 0
Number of asset objects unloaded after import = 10
========================================================================
Received Prepare
Begin MonoManager ReloadAssembly
- Loaded All Assemblies, in  0.347 seconds
Refreshing native plugins compatible for Editor in 3.28 ms, found 3 plugins.
Native extension for WindowsStandalone target not found
[Package Manager] Server::EnsureServerProcessIsRunning -- launch failed, reason: Unity was launched with the -noUpm command-line argument
[Package Manager] UpmClient::Send -- Unable to send message (not connected to UPM process).
[Package Manager] Cannot connect to Unity Package Manager local server
Mono: successfully reloaded assembly
- Finished resetting the current domain, in  0.854 seconds
Domain Reload Profiling: 1199ms
	BeginReloadAssembly (130ms)
		ExecutionOrderSort (0ms)
		DisableScriptedObjects (3ms)
		BackupInstance (0ms)
		ReleaseScriptingObjects (0ms)
		CreateAndSetChildDomain (37ms)
	RebuildCommonClasses (26ms)
	RebuildNativeTypeToScriptingClass (8ms)
	initialDomainReloadingComplete (27ms)
	LoadAllAssembliesAndSetupDomain (154ms)
		LoadAssemblies (199ms)
		RebuildTransferFunctionScriptingTraits (0ms)
		AnalyzeDomain (17ms)
			TypeCache.Refresh (5ms)
				TypeCache.ScanAssembly (0ms)
			ScanForSourceGeneratedMonoScriptInfo (6ms)
			ResolveRequiredComponents (4ms)
	FinalizeReload (854ms)
		ReleaseScriptCaches (0ms)
		RebuildScriptCaches (0ms)
		SetupLoadedEditorAssemblies (424ms)
			LogAssemblyErrors (0ms)
			InitializePlatformSupportModulesInManaged (5ms)
			SetLoadedEditorAssemblies (4ms)
			RefreshPlugins (0ms)
			BeforeProcessingInitializeOnLoad (47ms)
			ProcessInitializeOnLoadAttributes (349ms)
			ProcessInitializeOnLoadMethodAttributes (14ms)
			AfterProcessingInitializeOnLoad (5ms)
			EditorAssembliesLoaded (0ms)
		ExecutionOrderSort2 (0ms)
		AwakeInstancesAfterBackupRestoration (4ms)
Refreshing native plugins compatible for Editor in 2.53 ms, found 3 plugins.
Preloading 0 native plugins for Editor in 0.00 ms.
Unloading 3085 Unused Serialized files (Serialized files now loaded: 0)
Unloading 23 unused Assets / (31.2 KB). Loaded Objects now: 3615.
Memory consumption went from 136.4 MB to 136.4 MB.
Total: 10.894700 ms (FindLiveObjects: 0.230000 ms CreateObjectMapping: 0.090700 ms MarkObjects: 10.516100 ms  DeleteObjects: 0.056700 ms)

Prepare: number of updated asset objects reloaded= 0
AssetImportParameters requested are different than current active one (requested -> active):
  custom:container-demuxer-ogg: 62fdf1f143b41e24485cea50d1cbac27 -> 
  custom:video-decoder-ogg-theora: a1e56fd34408186e4bbccfd4996cb3dc -> 
  custom:framework-win-MediaFoundation: 216162199b28c13a410421893ffa2e32 -> 
  custom:CustomObjectIndexerAttribute: 9a22284fe3817be447336de3de66b15e -> 
  custom:container-demuxer-webm: 4f35f7cbe854078d1ac9338744f61a02 -> 
  custom:container-muxer-webm: aa71ff27fc2769a1b78a27578f13a17b -> 
  custom:video-decoder-webm-vp8: 9c59270c3fd7afecdb556c50c9e8de78 -> 
  custom:SearchIndexIgnoredProperties: e643bd26f0fe6173181afceb89e7c659 -> 
  custom:AudioImporter_EditorPlatform: d09bf68614088b80899f8185d706f6e7 -> 
  custom:video-encoder-webm-vp8: eb34c28f22e8b96e1ab97ce403110664 -> 
  custom:audio-decoder-ogg-vorbis: bf7c407c2cedff20999df2af8eb42d56 -> 
  custom:audio-encoder-webm-vorbis: bf7c407c2cedff20999df2af8eb42d56 -> 
========================================================================
Received Import Request.
  Time since last request: 330.436340 seconds.
  path: Assets/Kevin Iglesias
  artifactKey: Guid(c060f3647163f974abc6cb136ac9d8a9) Importer(815301076,1909f56bfc062723c751e8b465ee728b)
Start importing Assets/Kevin Iglesias using Guid(c060f3647163f974abc6cb136ac9d8a9) Importer(815301076,1909f56bfc062723c751e8b465ee728b)  -> (artifact id: '7f08d571b04aa0d851c8c102116bc2a5') in 0.002224 seconds
Number of updated asset objects reloaded before import = 0
Number of asset objects unloaded after import = 0
========================================================================
Received Import Request.
  Time since last request: 2.710039 seconds.
  path: Assets/Kevin Iglesias/3D Character Dummy
  artifactKey: Guid(bbded66f86604884c9cc35ba69d3b2fc) Importer(815301076,1909f56bfc062723c751e8b465ee728b)
Start importing Assets/Kevin Iglesias/3D Character Dummy using Guid(bbded66f86604884c9cc35ba69d3b2fc) Importer(815301076,1909f56bfc062723c751e8b465ee728b)  -> (artifact id: '50573c27ddfb6850232df8048d762941') in 0.000593 seconds
Number of updated asset objects reloaded before import = 0
Number of asset objects unloaded after import = 0
========================================================================
Received Import Request.
  Time since last request: 1.848704 seconds.
  path: Assets/Kevin Iglesias/3D Character Dummy/Models
  artifactKey: Guid(98f6dc73f311f5443862e7f75ff9d729) Importer(815301076,1909f56bfc062723c751e8b465ee728b)
Start importing Assets/Kevin Iglesias/3D Character Dummy/Models using Guid(98f6dc73f311f5443862e7f75ff9d729) Importer(815301076,1909f56bfc062723c751e8b465ee728b)  -> (artifact id: '641d31bec2184a7608f04145eadbbd41') in 0.000536 seconds
Number of updated asset objects reloaded before import = 0
Number of asset objects unloaded after import = 0
========================================================================
Received Import Request.
  Time since last request: 0.095838 seconds.
  path: Assets/Kevin Iglesias/3D Character Dummy/Models/3DCharacterDummyModel.fbx
  artifactKey: Guid(63fdb230e35611141b18195fb2be42ae) Importer(815301076,1909f56bfc062723c751e8b465ee728b)
Start importing Assets/Kevin Iglesias/3D Character Dummy/Models/3DCharacterDummyModel.fbx using Guid(63fdb230e35611141b18195fb2be42ae) Importer(815301076,1909f56bfc062723c751e8b465ee728b)  -> (artifact id: 'c9e257ce6452b4f6290b377e13567927') in 0.193287 seconds
Number of updated asset objects reloaded before import = 0
Number of asset objects unloaded after import = 152
========================================================================
Received Import Request.
  Time since last request: 121.267502 seconds.
  path: Assets/Game Jam Free Assets (^_^)
  artifactKey: Guid(3111bb6e50a9f1d4392255f65852fd11) Importer(815301076,1909f56bfc062723c751e8b465ee728b)
Start importing Assets/Game Jam Free Assets (^_^) using Guid(3111bb6e50a9f1d4392255f65852fd11) Importer(815301076,1909f56bfc062723c751e8b465ee728b)  -> (artifact id: 'f79efbc9bee9838414dd365a14910172') in 0.000730 seconds
Number of updated asset objects reloaded before import = 0
Number of asset objects unloaded after import = 0
========================================================================
Received Import Request.
  Time since last request: 3.478547 seconds.
  path: Assets/Game Jam Free Assets (^_^)/Forest_Themed_Game_Jam_Assets_(0_0).unitypackage
  artifactKey: Guid(3d4b117498eb6004f83ed756858874b3) Importer(815301076,1909f56bfc062723c751e8b465ee728b)
Start importing Assets/Game Jam Free Assets (^_^)/Forest_Themed_Game_Jam_Assets_(0_0).unitypackage using Guid(3d4b117498eb6004f83ed756858874b3) Importer(815301076,1909f56bfc062723c751e8b465ee728b)  -> (artifact id: '4955175251c22a318656fa196ff72cc8') in 0.001104 seconds
Number of updated asset objects reloaded before import = 0
Number of asset objects unloaded after import = 1
========================================================================
Received Import Request.
  Time since last request: 2.940612 seconds.
  path: Assets/Game Jam Free Assets (^_^)/MonoBleedingEdge
  artifactKey: Guid(21d95c7159ac8fe40b4f72c117a20c1e) Importer(815301076,1909f56bfc062723c751e8b465ee728b)
Start importing Assets/Game Jam Free Assets (^_^)/MonoBleedingEdge using Guid(21d95c7159ac8fe40b4f72c117a20c1e) Importer(815301076,1909f56bfc062723c751e8b465ee728b)  -> (artifact id: '34109b652069757065a88bb985e33dba') in 0.000535 seconds
Number of updated asset objects reloaded before import = 0
Number of asset objects unloaded after import = 0
========================================================================
Received Import Request.
  Time since last request: 1.127141 seconds.
  path: Assets/Game Jam Free Assets (^_^)/MonoBleedingEdge/EmbedRuntime
  artifactKey: Guid(30a95f776398b6a4a93ed30d81a08b4f) Importer(815301076,1909f56bfc062723c751e8b465ee728b)
Start importing Assets/Game Jam Free Assets (^_^)/MonoBleedingEdge/EmbedRuntime using Guid(30a95f776398b6a4a93ed30d81a08b4f) Importer(815301076,1909f56bfc062723c751e8b465ee728b)  -> (artifact id: 'fe573503d84e832ae1b055af26189e75') in 0.000536 seconds
Number of updated asset objects reloaded before import = 0
Number of asset objects unloaded after import = 0
========================================================================
Received Import Request.
  Time since last request: 0.784699 seconds.
  path: Assets/Game Jam Free Assets (^_^)/MonoBleedingEdge/EmbedRuntime/MonoPosixHelper.dll
  artifactKey: Guid(17eb7459ae347d84aae1bdcd84e9e0fb) Importer(815301076,1909f56bfc062723c751e8b465ee728b)
Start importing Assets/Game Jam Free Assets (^_^)/MonoBleedingEdge/EmbedRuntime/MonoPosixHelper.dll using Guid(17eb7459ae347d84aae1bdcd84e9e0fb) Importer(815301076,1909f56bfc062723c751e8b465ee728b)  -> (artifact id: '648834d234cbc80d200c3805c1dc6920') in 0.000551 seconds
Number of updated asset objects reloaded before import = 0
Number of asset objects unloaded after import = 0
========================================================================
Received Import Request.
  Time since last request: 1.299151 seconds.
  path: Assets/Game Jam Free Assets (^_^)/MonoBleedingEdge/EmbedRuntime/mono-2.0-bdwgc.dll
  artifactKey: Guid(a0a8b975c03e3204f84dec3ceeec6c0e) Importer(815301076,1909f56bfc062723c751e8b465ee728b)
Start importing Assets/Game Jam Free Assets (^_^)/MonoBleedingEdge/EmbedRuntime/mono-2.0-bdwgc.dll using Guid(a0a8b975c03e3204f84dec3ceeec6c0e) Importer(815301076,1909f56bfc062723c751e8b465ee728b)  -> (artifact id: '096db96fd2638b806270aa4b03d93f8b') in 0.000614 seconds
Number of updated asset objects reloaded before import = 0
Number of asset objects unloaded after import = 0
========================================================================
Received Prepare
Begin MonoManager ReloadAssembly
- Loaded All Assemblies, in  0.321 seconds
Refreshing native plugins compatible for Editor in 2.46 ms, found 3 plugins.
Native extension for WindowsStandalone target not found
[Package Manager] Server::EnsureServerProcessIsRunning -- launch failed, reason: Unity was launched with the -noUpm command-line argument
[Package Manager] UpmClient::Send -- Unable to send message (not connected to UPM process).
[Package Manager] Cannot connect to Unity Package Manager local server
Mono: successfully reloaded assembly
- Finished resetting the current domain, in  0.873 seconds
Domain Reload Profiling: 1192ms
	BeginReloadAssembly (122ms)
		ExecutionOrderSort (0ms)
		DisableScriptedObjects (4ms)
		BackupInstance (0ms)
		ReleaseScriptingObjects (0ms)
		CreateAndSetChildDomain (33ms)
	RebuildCommonClasses (23ms)
	RebuildNativeTypeToScriptingClass (8ms)
	initialDomainReloadingComplete (21ms)
	LoadAllAssembliesAndSetupDomain (145ms)
		LoadAssemblies (197ms)
		RebuildTransferFunctionScriptingTraits (0ms)
		AnalyzeDomain (8ms)
			TypeCache.Refresh (4ms)
				TypeCache.ScanAssembly (0ms)
			ScanForSourceGeneratedMonoScriptInfo (0ms)
			ResolveRequiredComponents (3ms)
	FinalizeReload (873ms)
		ReleaseScriptCaches (0ms)
		RebuildScriptCaches (0ms)
		SetupLoadedEditorAssemblies (410ms)
			LogAssemblyErrors (0ms)
			InitializePlatformSupportModulesInManaged (4ms)
			SetLoadedEditorAssemblies (3ms)
			RefreshPlugins (0ms)
			BeforeProcessingInitializeOnLoad (41ms)
			ProcessInitializeOnLoadAttributes (343ms)
			ProcessInitializeOnLoadMethodAttributes (14ms)
			AfterProcessingInitializeOnLoad (5ms)
			EditorAssembliesLoaded (0ms)
		ExecutionOrderSort2 (0ms)
		AwakeInstancesAfterBackupRestoration (4ms)
Refreshing native plugins compatible for Editor in 2.13 ms, found 3 plugins.
Preloading 0 native plugins for Editor in 0.00 ms.
Unloading 3085 Unused Serialized files (Serialized files now loaded: 0)
Unloading 22 unused Assets / (30.3 KB). Loaded Objects now: 3620.
Memory consumption went from 140.0 MB to 139.9 MB.
Total: 2.757100 ms (FindLiveObjects: 0.224100 ms CreateObjectMapping: 0.071600 ms MarkObjects: 2.408400 ms  DeleteObjects: 0.052000 ms)

Prepare: number of updated asset objects reloaded= 0
AssetImportParameters requested are different than current active one (requested -> active):
  custom:container-demuxer-ogg: 62fdf1f143b41e24485cea50d1cbac27 -> 
  custom:video-decoder-ogg-theora: a1e56fd34408186e4bbccfd4996cb3dc -> 
  custom:framework-win-MediaFoundation: 216162199b28c13a410421893ffa2e32 -> 
  custom:CustomObjectIndexerAttribute: 9a22284fe3817be447336de3de66b15e -> 
  custom:container-demuxer-webm: 4f35f7cbe854078d1ac9338744f61a02 -> 
  custom:container-muxer-webm: aa71ff27fc2769a1b78a27578f13a17b -> 
  custom:video-decoder-webm-vp8: 9c59270c3fd7afecdb556c50c9e8de78 -> 
  custom:SearchIndexIgnoredProperties: e643bd26f0fe6173181afceb89e7c659 -> 
  custom:AudioImporter_EditorPlatform: d09bf68614088b80899f8185d706f6e7 -> 
  custom:video-encoder-webm-vp8: eb34c28f22e8b96e1ab97ce403110664 -> 
  custom:audio-decoder-ogg-vorbis: bf7c407c2cedff20999df2af8eb42d56 -> 
  custom:audio-encoder-webm-vorbis: bf7c407c2cedff20999df2af8eb42d56 -> 
========================================================================
Received Import Request.
  Time since last request: 820.923546 seconds.
  path: Assets/Game Buffs/Free Realistic Textures
  artifactKey: Guid(a1a03a073cfcbd549a127fb98033ceb4) Importer(815301076,1909f56bfc062723c751e8b465ee728b)
Start importing Assets/Game Buffs/Free Realistic Textures using Guid(a1a03a073cfcbd549a127fb98033ceb4) Importer(815301076,1909f56bfc062723c751e8b465ee728b)  -> (artifact id: '4a9ea476694f386f2741aa25336049e2') in 0.002148 seconds
Number of updated asset objects reloaded before import = 0
Number of asset objects unloaded after import = 0
========================================================================
Received Import Request.
  Time since last request: 1.084971 seconds.
  path: Assets/Game Buffs/Free Realistic Textures/Textures
  artifactKey: Guid(6689e93fc22fd92489cfb53da6d34e5f) Importer(815301076,1909f56bfc062723c751e8b465ee728b)
Start importing Assets/Game Buffs/Free Realistic Textures/Textures using Guid(6689e93fc22fd92489cfb53da6d34e5f) Importer(815301076,1909f56bfc062723c751e8b465ee728b)  -> (artifact id: '03e50491b7d061f044cc4cbc25e49b7b') in 0.000509 seconds
Number of updated asset objects reloaded before import = 0
Number of asset objects unloaded after import = 0
========================================================================
Received Import Request.
  Time since last request: 2.685311 seconds.
  path: Assets/Game Buffs/Free Realistic Textures/Textures/Dry_Ground_10
  artifactKey: Guid(8057b97d7b3b8744cb8344175d3968ad) Importer(815301076,1909f56bfc062723c751e8b465ee728b)
Start importing Assets/Game Buffs/Free Realistic Textures/Textures/Dry_Ground_10 using Guid(8057b97d7b3b8744cb8344175d3968ad) Importer(815301076,1909f56bfc062723c751e8b465ee728b)  -> (artifact id: 'e4813bcdbb3853b8433540e2946b2903') in 0.000534 seconds
Number of updated asset objects reloaded before import = 0
Number of asset objects unloaded after import = 0
========================================================================
Received Import Request.
  Time since last request: 0.342788 seconds.
  path: Assets/Game Buffs/Free Realistic Textures/Textures/Dry_Ground_10/Dry_Ground_10.mat
  artifactKey: Guid(55d9820d92ac7464998442cd3b91799b) Importer(815301076,1909f56bfc062723c751e8b465ee728b)
Start importing Assets/Game Buffs/Free Realistic Textures/Textures/Dry_Ground_10/Dry_Ground_10.mat using Guid(55d9820d92ac7464998442cd3b91799b) Importer(815301076,1909f56bfc062723c751e8b465ee728b)  -> (artifact id: 'fe1cfb7bb7c46bd0d5271e6bdfbb778c') in 0.516947 seconds
Number of updated asset objects reloaded before import = 0
Number of asset objects unloaded after import = 5
========================================================================
Received Import Request.
  Time since last request: 7.940252 seconds.
  path: Assets/Game Buffs/Free Realistic Textures/Textures/Asphalt_26/Asphalt_26.terrainlayer
  artifactKey: Guid(f875e4258709617468478b12cd9d2e21) Importer(815301076,1909f56bfc062723c751e8b465ee728b)
Start importing Assets/Game Buffs/Free Realistic Textures/Textures/Asphalt_26/Asphalt_26.terrainlayer using Guid(f875e4258709617468478b12cd9d2e21) Importer(815301076,1909f56bfc062723c751e8b465ee728b)  -> (artifact id: '2a7c265c2a66805f818d71aab1acce4d') in 0.074718 seconds
Number of updated asset objects reloaded before import = 0
Number of asset objects unloaded after import = 5
========================================================================
Received Import Request.
  Time since last request: 0.000030 seconds.
  path: Assets/Game Buffs/Free Realistic Textures/Textures/Asphalt_26/Asphalt_26_Height.png
  artifactKey: Guid(14566c289fee170479f01ce681eaabdd) Importer(815301076,1909f56bfc062723c751e8b465ee728b)
Start importing Assets/Game Buffs/Free Realistic Textures/Textures/Asphalt_26/Asphalt_26_Height.png using Guid(14566c289fee170479f01ce681eaabdd) Importer(815301076,1909f56bfc062723c751e8b465ee728b)  -> (artifact id: 'de95d346413749df1b3bc42db3f7e0af') in 0.027185 seconds
Number of updated asset objects reloaded before import = 0
Number of asset objects unloaded after import = 2
========================================================================
Received Import Request.
  Time since last request: 1.558538 seconds.
  path: Assets/Game Buffs/Free Realistic Textures/Textures/Bark_1/Bark_1.terrainlayer
  artifactKey: Guid(00a5cdbd6457b954792b5a76b95ce370) Importer(815301076,1909f56bfc062723c751e8b465ee728b)
Start importing Assets/Game Buffs/Free Realistic Textures/Textures/Bark_1/Bark_1.terrainlayer using Guid(00a5cdbd6457b954792b5a76b95ce370) Importer(815301076,1909f56bfc062723c751e8b465ee728b)  -> (artifact id: '15168b3bff710ae0be82d088ab3bf42b') in 0.037673 seconds
Number of updated asset objects reloaded before import = 0
Number of asset objects unloaded after import = 4
========================================================================
Received Import Request.
  Time since last request: 0.000038 seconds.
  path: Assets/Game Buffs/Free Realistic Textures/Textures/Bark_1/Bark_1_Height.png
  artifactKey: Guid(b7023e5b9d052e14ca3c0e5846812feb) Importer(815301076,1909f56bfc062723c751e8b465ee728b)
Start importing Assets/Game Buffs/Free Realistic Textures/Textures/Bark_1/Bark_1_Height.png using Guid(b7023e5b9d052e14ca3c0e5846812feb) Importer(815301076,1909f56bfc062723c751e8b465ee728b)  -> (artifact id: 'f21f199748cfc839eed174ec479735e5') in 0.017680 seconds
Number of updated asset objects reloaded before import = 0
Number of asset objects unloaded after import = 2
========================================================================
Received Import Request.
  Time since last request: 3.955294 seconds.
  path: Assets/Game Buffs/Free Realistic Textures/Textures/Beach_Rocks_9/Beach_Rocks_9.terrainlayer
  artifactKey: Guid(320b828341c75434c955882817212f87) Importer(815301076,1909f56bfc062723c751e8b465ee728b)
Start importing Assets/Game Buffs/Free Realistic Textures/Textures/Beach_Rocks_9/Beach_Rocks_9.terrainlayer using Guid(320b828341c75434c955882817212f87) Importer(815301076,1909f56bfc062723c751e8b465ee728b)  -> (artifact id: '6a165b0c09325ebe2d718dfff7556e71') in 0.075442 seconds
Number of updated asset objects reloaded before import = 0
Number of asset objects unloaded after import = 5
========================================================================
Received Import Request.
  Time since last request: 0.000020 seconds.
  path: Assets/Game Buffs/Free Realistic Textures/Textures/Beach_Rocks_9/Beach_Rocks_9_Mask.png
  artifactKey: Guid(12ba510705fbe874e9ceb8c901090672) Importer(815301076,1909f56bfc062723c751e8b465ee728b)
Start importing Assets/Game Buffs/Free Realistic Textures/Textures/Beach_Rocks_9/Beach_Rocks_9_Mask.png using Guid(12ba510705fbe874e9ceb8c901090672) Importer(815301076,1909f56bfc062723c751e8b465ee728b)  -> (artifact id: 'd033b5cb6859297771d18717d85b9a17') in 0.028899 seconds
Number of updated asset objects reloaded before import = 0
Number of asset objects unloaded after import = 2
========================================================================
Received Import Request.
  Time since last request: 0.495159 seconds.
  path: Assets/Game Buffs/Free Realistic Textures/Textures/Beach_Sand_1/Beach_Sand_1.terrainlayer
  artifactKey: Guid(d123883a856ea344c970cfc5282f9142) Importer(815301076,1909f56bfc062723c751e8b465ee728b)
Start importing Assets/Game Buffs/Free Realistic Textures/Textures/Beach_Sand_1/Beach_Sand_1.terrainlayer using Guid(d123883a856ea344c970cfc5282f9142) Importer(815301076,1909f56bfc062723c751e8b465ee728b)  -> (artifact id: 'f2a1d6ba1c71d3a683177bac1ae76ee5') in 0.044028 seconds
Number of updated asset objects reloaded before import = 0
Number of asset objects unloaded after import = 5
========================================================================
Received Import Request.
  Time since last request: 0.000020 seconds.
  path: Assets/Game Buffs/Free Realistic Textures/Textures/Beach_Sand_1/Beach_Sand_1_Roughness.png
  artifactKey: Guid(d643b03d13032d9409549044ae264bed) Importer(815301076,1909f56bfc062723c751e8b465ee728b)
Start importing Assets/Game Buffs/Free Realistic Textures/Textures/Beach_Sand_1/Beach_Sand_1_Roughness.png using Guid(d643b03d13032d9409549044ae264bed) Importer(815301076,1909f56bfc062723c751e8b465ee728b)  -> (artifact id: '786bd1de51adda2ddb96d43bd0c198b9') in 0.016953 seconds
Number of updated asset objects reloaded before import = 0
Number of asset objects unloaded after import = 2
========================================================================
Received Import Request.
  Time since last request: 0.642220 seconds.
  path: Assets/Game Buffs/Free Realistic Textures/Textures/Concrete_3/Concrete_3.terrainlayer
  artifactKey: Guid(78d3db0edf3122e4ca51adfb20132eec) Importer(815301076,1909f56bfc062723c751e8b465ee728b)
Start importing Assets/Game Buffs/Free Realistic Textures/Textures/Concrete_3/Concrete_3.terrainlayer using Guid(78d3db0edf3122e4ca51adfb20132eec) Importer(815301076,1909f56bfc062723c751e8b465ee728b)  -> (artifact id: 'a81767654949d6118e1ad915c72b3737') in 0.037889 seconds
Number of updated asset objects reloaded before import = 0
Number of asset objects unloaded after import = 5
========================================================================
Received Import Request.
  Time since last request: 0.000040 seconds.
  path: Assets/Game Buffs/Free Realistic Textures/Textures/Concrete_3/Concrete_3_Mask.png
  artifactKey: Guid(e097b40126166764a84c355b4c3165a6) Importer(815301076,1909f56bfc062723c751e8b465ee728b)
Start importing Assets/Game Buffs/Free Realistic Textures/Textures/Concrete_3/Concrete_3_Mask.png using Guid(e097b40126166764a84c355b4c3165a6) Importer(815301076,1909f56bfc062723c751e8b465ee728b)  -> (artifact id: '5e3cdd6dd0da663ab24faaa0ec8e14fa') in 0.026435 seconds
Number of updated asset objects reloaded before import = 0
Number of asset objects unloaded after import = 2
========================================================================
Received Import Request.
  Time since last request: 0.565026 seconds.
  path: Assets/Game Buffs/Free Realistic Textures/Textures/Cracked_Soil_16/Cracked_Soil_16.terrainlayer
  artifactKey: Guid(d46bdd2871a486748b30113b39fab03f) Importer(815301076,1909f56bfc062723c751e8b465ee728b)
Start importing Assets/Game Buffs/Free Realistic Textures/Textures/Cracked_Soil_16/Cracked_Soil_16.terrainlayer using Guid(d46bdd2871a486748b30113b39fab03f) Importer(815301076,1909f56bfc062723c751e8b465ee728b)  -> (artifact id: '805e56b3fd8831b4d65e0cd7154d133e') in 0.041763 seconds
Number of updated asset objects reloaded before import = 0
Number of asset objects unloaded after import = 5
========================================================================
Received Import Request.
  Time since last request: 0.000023 seconds.
  path: Assets/Game Buffs/Free Realistic Textures/Textures/Cracked_Soil_16/Cracked_Soil_16_Mask.png
  artifactKey: Guid(f28ce6617bbadc44aba61878c1110c49) Importer(815301076,1909f56bfc062723c751e8b465ee728b)
Start importing Assets/Game Buffs/Free Realistic Textures/Textures/Cracked_Soil_16/Cracked_Soil_16_Mask.png using Guid(f28ce6617bbadc44aba61878c1110c49) Importer(815301076,1909f56bfc062723c751e8b465ee728b)  -> (artifact id: 'd8c6afa4cb3340a10f671acc7ae2e065') in 0.028107 seconds
Number of updated asset objects reloaded before import = 0
Number of asset objects unloaded after import = 2
========================================================================
Received Import Request.
  Time since last request: 1.550590 seconds.
  path: Assets/Game Buffs/Free Realistic Textures/Textures/Demolished_Tiles_2/Demolished_Tiles_2.terrainlayer
  artifactKey: Guid(960f2b02e7b6ffb4ea4c7dc5ecc3fc42) Importer(815301076,1909f56bfc062723c751e8b465ee728b)
Start importing Assets/Game Buffs/Free Realistic Textures/Textures/Demolished_Tiles_2/Demolished_Tiles_2.terrainlayer using Guid(960f2b02e7b6ffb4ea4c7dc5ecc3fc42) Importer(815301076,1909f56bfc062723c751e8b465ee728b)  -> (artifact id: '7fa1d8b73977a1d2d7c11cbab78c3281') in 0.067761 seconds
Number of updated asset objects reloaded before import = 0
Number of asset objects unloaded after import = 5
========================================================================
Received Import Request.
  Time since last request: 0.000020 seconds.
  path: Assets/Game Buffs/Free Realistic Textures/Textures/Demolished_Tiles_2/Demolished_Tiles_2_Mask.png
  artifactKey: Guid(0a0c8a89ea519214c8045fcc9e12e738) Importer(815301076,1909f56bfc062723c751e8b465ee728b)
Start importing Assets/Game Buffs/Free Realistic Textures/Textures/Demolished_Tiles_2/Demolished_Tiles_2_Mask.png using Guid(0a0c8a89ea519214c8045fcc9e12e738) Importer(815301076,1909f56bfc062723c751e8b465ee728b)  -> (artifact id: '1ff772e732dbfe89743dd240267f0d7a') in 0.034981 seconds
Number of updated asset objects reloaded before import = 0
Number of asset objects unloaded after import = 2
========================================================================
Received Import Request.
  Time since last request: 1.472717 seconds.
  path: Assets/Game Buffs/Free Realistic Textures/Textures/Dirty_Brick_Wall_6/Dirty_Brick_Wall_6.terrainlayer
  artifactKey: Guid(bf0c66daadb2a8a46801a81f2c272a71) Importer(815301076,1909f56bfc062723c751e8b465ee728b)
Start importing Assets/Game Buffs/Free Realistic Textures/Textures/Dirty_Brick_Wall_6/Dirty_Brick_Wall_6.terrainlayer using Guid(bf0c66daadb2a8a46801a81f2c272a71) Importer(815301076,1909f56bfc062723c751e8b465ee728b)  -> (artifact id: '0be68d6d51fe37beb3e3eae866b9fb38') in 0.079575 seconds
Number of updated asset objects reloaded before import = 0
Number of asset objects unloaded after import = 5
========================================================================
Received Import Request.
  Time since last request: 0.000017 seconds.
  path: Assets/Game Buffs/Free Realistic Textures/Textures/Dirty_Brick_Wall_6/Dirty_Brick_Wall_6_Roughness.png
  artifactKey: Guid(5b1da63be1951f148bc00cebc2965156) Importer(815301076,1909f56bfc062723c751e8b465ee728b)
Start importing Assets/Game Buffs/Free Realistic Textures/Textures/Dirty_Brick_Wall_6/Dirty_Brick_Wall_6_Roughness.png using Guid(5b1da63be1951f148bc00cebc2965156) Importer(815301076,1909f56bfc062723c751e8b465ee728b)  -> (artifact id: '1652a0a4500e4f34d89f89149976da1c') in 0.016975 seconds
Number of updated asset objects reloaded before import = 0
Number of asset objects unloaded after import = 2
========================================================================
Received Import Request.
  Time since last request: 2.494084 seconds.
  path: Assets/Game Buffs/Free Realistic Textures/Textures/Flaked_Paint_Wall_7/Flaked_Paint_Wall_7.terrainlayer
  artifactKey: Guid(8312576dfb4918e429a343c3748c8175) Importer(815301076,1909f56bfc062723c751e8b465ee728b)
Start importing Assets/Game Buffs/Free Realistic Textures/Textures/Flaked_Paint_Wall_7/Flaked_Paint_Wall_7.terrainlayer using Guid(8312576dfb4918e429a343c3748c8175) Importer(815301076,1909f56bfc062723c751e8b465ee728b)  -> (artifact id: '8752ca8a6cf332e45994785505a09ef3') in 0.040425 seconds
Number of updated asset objects reloaded before import = 0
Number of asset objects unloaded after import = 5
========================================================================
Received Import Request.
  Time since last request: 0.000025 seconds.
  path: Assets/Game Buffs/Free Realistic Textures/Textures/Flaked_Paint_Wall_7/Flaked_Paint_Wall_7_Height.png
  artifactKey: Guid(f9cadbebb83a5f44f964335d517f2949) Importer(815301076,1909f56bfc062723c751e8b465ee728b)
Start importing Assets/Game Buffs/Free Realistic Textures/Textures/Flaked_Paint_Wall_7/Flaked_Paint_Wall_7_Height.png using Guid(f9cadbebb83a5f44f964335d517f2949) Importer(815301076,1909f56bfc062723c751e8b465ee728b)  -> (artifact id: '678923bf8acff3ffd68c83909bc72da9') in 0.015532 seconds
Number of updated asset objects reloaded before import = 0
Number of asset objects unloaded after import = 2
========================================================================
Received Import Request.
  Time since last request: 0.733553 seconds.
  path: Assets/Game Buffs/Free Realistic Textures/Textures/Forest_Ground_12/Forest_Ground_12.terrainlayer
  artifactKey: Guid(e65787d2c1ac6e743a78d18bb74105e4) Importer(815301076,1909f56bfc062723c751e8b465ee728b)
Start importing Assets/Game Buffs/Free Realistic Textures/Textures/Forest_Ground_12/Forest_Ground_12.terrainlayer using Guid(e65787d2c1ac6e743a78d18bb74105e4) Importer(815301076,1909f56bfc062723c751e8b465ee728b)  -> (artifact id: 'a364abc314d737d2bdfca26f74440a06') in 0.067700 seconds
Number of updated asset objects reloaded before import = 0
Number of asset objects unloaded after import = 5
========================================================================
Received Import Request.
  Time since last request: 0.000023 seconds.
  path: Assets/Game Buffs/Free Realistic Textures/Textures/Forest_Ground_12/Forest_Ground_12_Mask.png
  artifactKey: Guid(35ae58bb22069544593078c131d6358a) Importer(815301076,1909f56bfc062723c751e8b465ee728b)
Start importing Assets/Game Buffs/Free Realistic Textures/Textures/Forest_Ground_12/Forest_Ground_12_Mask.png using Guid(35ae58bb22069544593078c131d6358a) Importer(815301076,1909f56bfc062723c751e8b465ee728b)  -> (artifact id: 'b400a45207f53b8104a9dd8e9def881d') in 0.037134 seconds
Number of updated asset objects reloaded before import = 0
Number of asset objects unloaded after import = 2
========================================================================
Received Import Request.
  Time since last request: 70.139940 seconds.
  path: Assets/Game Buffs/Free Realistic Textures/Textures/Shingle_Roof_12/Shingle_Roof_12.mat
  artifactKey: Guid(0fafd019eb8f68a4d8236435c0679bc5) Importer(815301076,1909f56bfc062723c751e8b465ee728b)
Start importing Assets/Game Buffs/Free Realistic Textures/Textures/Shingle_Roof_12/Shingle_Roof_12.mat using Guid(0fafd019eb8f68a4d8236435c0679bc5) Importer(815301076,1909f56bfc062723c751e8b465ee728b)  -> (artifact id: '99000637a2dcdab9bdfa1a050ffe1ac8') in 0.171216 seconds
Number of updated asset objects reloaded before import = 0
Number of asset objects unloaded after import = 5
========================================================================
Received Import Request.
  Time since last request: 0.000021 seconds.
  path: Assets/Game Buffs/Free Realistic Textures/Textures/Shingle_Roof_12/Shingle_Roof_12_Albedo.png
  artifactKey: Guid(870958e8b350742449f3f6e125cca5a6) Importer(815301076,1909f56bfc062723c751e8b465ee728b)
Start importing Assets/Game Buffs/Free Realistic Textures/Textures/Shingle_Roof_12/Shingle_Roof_12_Albedo.png using Guid(870958e8b350742449f3f6e125cca5a6) Importer(815301076,1909f56bfc062723c751e8b465ee728b)  -> (artifact id: '87fb922a9352296035d6d8f53cac3159') in 0.034541 seconds
Number of updated asset objects reloaded before import = 0
Number of asset objects unloaded after import = 2
========================================================================
Received Import Request.
  Time since last request: 0.000040 seconds.
  path: Assets/Game Buffs/Free Realistic Textures/Textures/Shingle_Roof_12/Shingle_Roof_12_Roughness.png
  artifactKey: Guid(06a0315081f383f49925770c0b7a0344) Importer(815301076,1909f56bfc062723c751e8b465ee728b)
Start importing Assets/Game Buffs/Free Realistic Textures/Textures/Shingle_Roof_12/Shingle_Roof_12_Roughness.png using Guid(06a0315081f383f49925770c0b7a0344) Importer(815301076,1909f56bfc062723c751e8b465ee728b)  -> (artifact id: '30849ae0079c9e67e01213e78f6950b6') in 0.031421 seconds
Number of updated asset objects reloaded before import = 0
Number of asset objects unloaded after import = 2
========================================================================
Received Import Request.
  Time since last request: 0.000024 seconds.
  path: Assets/Game Buffs/Free Realistic Textures/Textures/Shingle_Roof_12/Shingle_Roof_12_Mask.png
  artifactKey: Guid(73a9cd67b5f4ed945a693ff3320c313f) Importer(815301076,1909f56bfc062723c751e8b465ee728b)
Start importing Assets/Game Buffs/Free Realistic Textures/Textures/Shingle_Roof_12/Shingle_Roof_12_Mask.png using Guid(73a9cd67b5f4ed945a693ff3320c313f) Importer(815301076,1909f56bfc062723c751e8b465ee728b)  -> (artifact id: 'e231420e651f07736e30bea075c937d5') in 0.084563 seconds
Number of updated asset objects reloaded before import = 0
Number of asset objects unloaded after import = 2
========================================================================
Received Import Request.
  Time since last request: 16.452102 seconds.
  path: Assets/Kevin Iglesias/3D Character Dummy/Prefabs/DummyType01 HDRP.prefab
  artifactKey: Guid(3a96360183aca44448800a4ee34e6807) Importer(815301076,1909f56bfc062723c751e8b465ee728b)
Start importing Assets/Kevin Iglesias/3D Character Dummy/Prefabs/DummyType01 HDRP.prefab using Guid(3a96360183aca44448800a4ee34e6807) Importer(815301076,1909f56bfc062723c751e8b465ee728b)  -> (artifact id: '3f84e81f52e24441f6f12fa0bde5ab20') in 0.045891 seconds
Number of updated asset objects reloaded before import = 0
Number of asset objects unloaded after import = 134
========================================================================
Received Import Request.
  Time since last request: 0.000025 seconds.
  path: Assets/Kevin Iglesias/3D Character Dummy/Prefabs/DummyType02 URP.prefab
  artifactKey: Guid(c2eb0fee1c6764f4da5381b9006e854a) Importer(815301076,1909f56bfc062723c751e8b465ee728b)
Start importing Assets/Kevin Iglesias/3D Character Dummy/Prefabs/DummyType02 URP.prefab using Guid(c2eb0fee1c6764f4da5381b9006e854a) Importer(815301076,1909f56bfc062723c751e8b465ee728b)  -> (artifact id: 'b713da28de3f852800dfdb54682f3e41') in 0.068557 seconds
Number of updated asset objects reloaded before import = 0
Number of asset objects unloaded after import = 138
========================================================================
Received Import Request.
  Time since last request: 0.000040 seconds.
  path: Assets/Kevin Iglesias/3D Character Dummy/Prefabs/DummyType02 HDRP.prefab
  artifactKey: Guid(fefcde3e8da08df4fb6d9476c101ff6c) Importer(815301076,1909f56bfc062723c751e8b465ee728b)
Start importing Assets/Kevin Iglesias/3D Character Dummy/Prefabs/DummyType02 HDRP.prefab using Guid(fefcde3e8da08df4fb6d9476c101ff6c) Importer(815301076,1909f56bfc062723c751e8b465ee728b)  -> (artifact id: '23cdffa1e163908bda89aef1173bc208') in 0.034233 seconds
Number of updated asset objects reloaded before import = 0
Number of asset objects unloaded after import = 134
========================================================================
Received Import Request.
  Time since last request: 9.503662 seconds.
  path: Assets/Game Buffs/Free Realistic Textures/Textures/Rocky_Ground_15/Rocky_Ground_15.terrainlayer
  artifactKey: Guid(f35ffdc5c26bad54abab7bf58a85924c) Importer(815301076,1909f56bfc062723c751e8b465ee728b)
Start importing Assets/Game Buffs/Free Realistic Textures/Textures/Rocky_Ground_15/Rocky_Ground_15.terrainlayer using Guid(f35ffdc5c26bad54abab7bf58a85924c) Importer(815301076,1909f56bfc062723c751e8b465ee728b)  -> (artifact id: '1c73417ab26ddb10024baea5affcbf0d') in 0.080349 seconds
Number of updated asset objects reloaded before import = 0
Number of asset objects unloaded after import = 5
========================================================================
Received Import Request.
  Time since last request: 0.000032 seconds.
  path: Assets/Game Buffs/Free Realistic Textures/Textures/Rocky_Ground_15/Rocky_Ground_15_Normal.png
  artifactKey: Guid(ed1b7958772eba04591d8e6d7a2bf09a) Importer(815301076,1909f56bfc062723c751e8b465ee728b)
Start importing Assets/Game Buffs/Free Realistic Textures/Textures/Rocky_Ground_15/Rocky_Ground_15_Normal.png using Guid(ed1b7958772eba04591d8e6d7a2bf09a) Importer(815301076,1909f56bfc062723c751e8b465ee728b)  -> (artifact id: 'cacf2fa17badf615079ffa05727ef495') in 0.034446 seconds
Number of updated asset objects reloaded before import = 0
Number of asset objects unloaded after import = 2
========================================================================
Received Import Request.
  Time since last request: 1.867463 seconds.
  path: Assets/Game Buffs/Free Realistic Textures/Textures/Rocky_Grass_17/Rocky_Grass_17.terrainlayer
  artifactKey: Guid(e2f332c658ba5ea469ddb350d4fe1988) Importer(815301076,1909f56bfc062723c751e8b465ee728b)
Start importing Assets/Game Buffs/Free Realistic Textures/Textures/Rocky_Grass_17/Rocky_Grass_17.terrainlayer using Guid(e2f332c658ba5ea469ddb350d4fe1988) Importer(815301076,1909f56bfc062723c751e8b465ee728b)  -> (artifact id: '4f9fa98b5052da611b3a9c9c087f6c66') in 0.035182 seconds
Number of updated asset objects reloaded before import = 0
Number of asset objects unloaded after import = 5
========================================================================
Received Import Request.
  Time since last request: 0.000025 seconds.
  path: Assets/Game Buffs/Free Realistic Textures/Textures/Rocky_Grass_17/Rocky_Grass_17_Roughness.png
  artifactKey: Guid(2740f138bdaff124dbeef31b96f7780f) Importer(815301076,1909f56bfc062723c751e8b465ee728b)
Start importing Assets/Game Buffs/Free Realistic Textures/Textures/Rocky_Grass_17/Rocky_Grass_17_Roughness.png using Guid(2740f138bdaff124dbeef31b96f7780f) Importer(815301076,1909f56bfc062723c751e8b465ee728b)  -> (artifact id: 'dbaa141a1c02819a957a24c2f87b4e48') in 0.019644 seconds
Number of updated asset objects reloaded before import = 0
Number of asset objects unloaded after import = 2
Editor requested this worker to shutdown with reason: Scaling down because of idle timeout
TcpMessagingSession - receive error: operation aborted. errorcode: 995, details: The I/O operation has been aborted because of either a thread exit or an application request.
AssetImportWorker is now disconnected from the server
Process exiting
Exiting without the bug reporter. Application will terminate with return code 0